<?xml version="1.0" encoding="UTF-8"?>
<!-- Generated by org.testng.reporters.JUnitReportReporter -->
<testsuite hostname="DESKTOP-02HTNM8" failures="0" tests="3" name="com.automation.sanity.HandlingFrameUsingName" time="4.135" errors="0" timestamp="2023-01-11T17:12:01 IST" skipped="0">
  <testcase classname="com.automation.sanity.HandlingFrameUsingName" name="handlingFrames" time="1.043"/>
  <system-out/>
  <testcase classname="com.automation.sanity.HandlingFrameUsingName" name="handlingFrames" time="1.824"/>
  <system-out/>
  <testcase classname="com.automation.sanity.HandlingFrameUsingName" name="handlingFrames" time="1.268"/>
  <system-out/>
</testsuite> <!-- com.automation.sanity.HandlingFrameUsingName -->
